[13/Aug/2021:14:27:40] (I): WordPress Instance Info:
[13/Aug/2021:14:27:40] (I): Home URL : https://yvanchu.me
[13/Aug/2021:14:27:40] (I): Site URL : https://yvanchu.me
[13/Aug/2021:14:27:40] (I): WordPress Version : 5.8
[13/Aug/2021:14:27:40] (I): Onboarding Version : 1.1.16
[13/Aug/2021:14:27:40] (I): Multisite : No
[13/Aug/2021:14:27:40] (I): Server Info : LiteSpeed
[13/Aug/2021:14:27:40] (I): PHP Version : 7.4.22
[13/Aug/2021:14:27:40] (I): HTTPS : Yes
[13/Aug/2021:14:27:40] (I): PHP Max Execution Time : 1500
[13/Aug/2021:14:27:40] (I): PHP Max Input Vars : 2000
[13/Aug/2021:14:27:40] (I): Max Upload Size : 1073741824
[13/Aug/2021:14:27:40] (I): Plugins:
[13/Aug/2021:14:27:40] (I): [PLUGIN] Elementor : v3.3.1 (Elementor.com)
[13/Aug/2021:14:27:40] (I): [PLUGIN] LiteSpeed Cache : v4.2 (LiteSpeed Technologies)
[13/Aug/2021:14:27:40] (I): [PLUGIN] Loginizer : v1.6.7 (Softaculous)
[13/Aug/2021:14:27:40] (I): [PLUGIN] Neve Pro Addon : v2.0.1 (ThemeIsle)
[13/Aug/2021:14:27:40] (I): [PLUGIN] Templates Patterns Collection : v1.1.16 (ThemeIsle)
[13/Aug/2021:14:27:40] (I): [PLUGIN] Orbit Fox Companion : v2.10.7 (Themeisle)
[13/Aug/2021:14:27:40] (I): [PLUGIN] W3 Total Cache : v2.1.6 (BoldGrid)
[13/Aug/2021:14:27:40] (I): [PLUGIN] wpCentral : v1.5.5 (Softaculous Ltd.)
